<?xml version="1.0" encoding="UTF-8"?>
<!-- Generated by org.testng.reporters.JUnitReportReporter -->
<testsuite hostname="LAPTOP-0GFUST29" failures="0" tests="4" name="testcases.LoginTest" time="0.005" errors="1" timestamp="2024-03-16T21:22:43 IST" skipped="3">
  <testcase classname="testcases.LoginTest" name="SetUp" time="0.005">
    <error message="Cannot invoke &quot;String.contains(java.lang.CharSequence)&quot; because &quot;DriverType&quot; is null" type="java.lang.NullPointerException">
      <![CDATA[java.lang.NullPointerException: Cannot invoke "String.contains(java.lang.CharSequence)" because "DriverType" is null
at testcases.BaseClass.SetUp(BaseClass.java:93)
at java.base/jdk.internal.reflect.NativeMethodAccessorImpl.invoke0(Native Method)
at java.base/jdk.internal.reflect.NativeMethodAccessorImpl.invoke(NativeMethodAccessorImpl.java:77)
at java.base/jdk.internal.reflect.DelegatingMethodAccessorImpl.invoke(DelegatingMethodAccessorImpl.java:43)
at java.base/java.lang.reflect.Method.invoke(Method.java:568)
at org.testng.internal.MethodInvocationHelper.invokeMethod(MethodInvocationHelper.java:134)
at org.testng.internal.MethodInvocationHelper.invokeMethodConsideringTimeout(MethodInvocationHelper.java:63)
at org.testng.internal.ConfigInvoker.invokeConfigurationMethod(ConfigInvoker.java:348)
at org.testng.internal.ConfigInvoker.invokeConfigurations(ConfigInvoker.java:302)
at org.testng.internal.TestInvoker.runConfigMethods(TestInvoker.java:695)
at org.testng.internal.TestInvoker.invokeMethod(TestInvoker.java:523)
at org.testng.internal.TestInvoker.invokeTestMethod(TestInvoker.java:173)
at org.testng.internal.MethodRunner.runInSequence(MethodRunner.java:46)
at org.testng.internal.TestInvoker$MethodInvocationAgent.invoke(TestInvoker.java:816)
at org.testng.internal.TestInvoker.invokeTestMethods(TestInvoker.java:146)
at org.testng.internal.TestMethodWorker.invokeTestMethods(TestMethodWorker.java:146)
at org.testng.internal.TestMethodWorker.run(TestMethodWorker.java:128)
at java.base/java.util.concurrent.ThreadPoolExecutor.runWorker(ThreadPoolExecutor.java:1136)
at java.base/java.util.concurrent.ThreadPoolExecutor$Worker.run(ThreadPoolExecutor.java:635)
at java.base/java.lang.Thread.run(Thread.java:833)
]]>
    </error>
  </testcase> <!-- SetUp -->
  <system-out/>
  <testcase classname="testcases.LoginTest" name="LoginFailureTest" time="0.000">
    <skipped/>
  </testcase> <!-- LoginFailureTest -->
  <system-out/>
  <testcase classname="testcases.LoginTest" name="LoginSuccessTest" time="0.000">
    <skipped/>
  </testcase> <!-- LoginSuccessTest -->
  <system-out/>
  <testcase classname="testcases.LoginTest" name="LoginSuccessTest2" time="0.000">
    <skipped/>
  </testcase> <!-- LoginSuccessTest2 -->
  <system-out/>
</testsuite> <!-- testcases.LoginTest -->
