<?xml version="1.0" encoding="UTF-8"?>
<!-- Generated by org.testng.reporters.JUnitReportReporter -->
<testsuite hostname="LAPTOP-0GFUST29" failures="0" tests="2" name="testcases.LoginTest" time="274.158" errors="0" timestamp="25 Nov 2023 15:01:16 GMT" skipped="0">
  <testcase classname="testcases.LoginTest" name="LoginSuccessTest" time="40.652"/>
  <testcase classname="testcases.LoginTest" name="LoginFailureTest" time="233.506"/>
</testsuite> <!-- testcases.LoginTest -->
