<?xml version="1.0" encoding="UTF-8"?>
<!-- Generated by org.testng.reporters.JUnitReportReporter -->
<testsuite hostname="LAPTOP-0GFUST29" failures="0" tests="2" name="testcases.LoginTest" time="96.448" errors="0" timestamp="25 Nov 2023 14:25:46 GMT" skipped="0">
  <testcase classname="testcases.LoginTest" name="LoginSuccessTest" time="49.291"/>
  <testcase classname="testcases.LoginTest" name="LoginFailureTest" time="47.157"/>
</testsuite> <!-- testcases.LoginTest -->
