<?xml version="1.0" encoding="UTF-8"?>
<!-- Generated by org.testng.reporters.JUnitReportReporter -->
<testsuite hostname="LAPTOP-0GFUST29" failures="0" tests="3" name="testcases.LoginTest" time="58.473" errors="0" timestamp="2024-03-10T21:11:20 IST" skipped="0">
  <testcase classname="testcases.LoginTest" name="LoginSuccessTest2" time="23.194"/>
  <system-out/>
  <testcase classname="testcases.LoginTest" name="LoginSuccessTest" time="16.959"/>
  <system-out/>
  <testcase classname="testcases.LoginTest" name="LoginFailureTest" time="18.320"/>
  <system-out/>
</testsuite> <!-- testcases.LoginTest -->
