<?xml version="1.0" encoding="UTF-8"?>
<!-- Generated by org.testng.reporters.JUnitReportReporter -->
<testsuite hostname="LAPTOP-0GFUST29" failures="0" tests="3" name="testcases.LoginTest" time="39.406" errors="0" timestamp="2024-03-16T21:25:45 IST" skipped="0">
  <testcase classname="testcases.LoginTest" name="LoginFailureTest" time="12.392"/>
  <system-out/>
  <testcase classname="testcases.LoginTest" name="LoginSuccessTest" time="13.870"/>
  <system-out/>
  <testcase classname="testcases.LoginTest" name="LoginSuccessTest2" time="13.144"/>
  <system-out/>
</testsuite> <!-- testcases.LoginTest -->
